[    0.000000] Linux version 4.15.0-132-generic (buildd@lgw01-amd64-036) (gcc version 7.5.0 (Ubuntu 7.5.0-3ubuntu1~18.04)) #136-Ubuntu SMPTTue Jan 12 14:58:42 UTC 2021 (Ubuntu 4.15.0-132.136-generic 4.15.18)
[    0.000000] Command line: BOOT_IMAGE=/boot/vmlinuz-4.15.0-132-generic root=LABEL=cloudimg-rootfs ro console=tty1 console=ttyS0
[    0.000000] KERNEL supported cpus:
[    0.000000]   Intel GenuineIntel
[    0.000000]   AMD AuthenticAMD
[    0.000000]   Centaur CentaurHauls
[    0.000000] x86/fpu: Supporting XSAVE feature 0x001: 'x87 floating point registers'
[    0.000000] x86/fpu: Supporting XSAVE feature 0x002: 'SSE registers'
[    0.000000] x86/fpu: Supporting XSAVE feature 0x004: 'AVX registers'
[    0.000000] x86/fpu: xstate_offset[2]:  576, xstate_sizes[2]:  256
[    0.000000] x86/fpu: Enabled xstate features 0x7, context size is 832 bytes, using 'standard' format.
[    0.000000] e820: BIOS-provided physical RAM map:
[    0.000000] BIOS-e820: [mem xx0000000000000000-0x000000000009fbff] usable
[    0.000000] BIOS-8820: [mem 0x000000000009fc00-0x000000000009ffff] reserved
[    0.000000] BIOS-e820: [mem 0x00000000000f0000-0x00000000000fffff] reserved
[    0.000000] BIOS-e820: [mem 0x0000000000100000-0x00000000dffeffff] usable
[    0.000000] BIOS-e820: [mem 0x00000000dfff0000-0x00000000dfffffff] ACPI data
[    0.000000] BIOS-e820: [mem 0x00000000fec00000-0x00000000fec00fff] reserved
[    0.000000] BIOS-e820: [mem 0x00000000fee00000-0x00000000fee00fff] reserved
[    0.000000] BIOS-e820: [mem 0x00000000fffc0000-0x00000000ffffffff] reserved
[    0.000000] BIOS-e820: [mem 0x0000000100000000-0x000000011fffffff] usable
[    0.000000] NX (Execute Disable) protection: active
[    0.000000] SMBIOS 2.5 present.
[    0.000000] DMI: innotek GmbH VirtualBox/VirtualBox, BIOS VirtualBox 12/01/2006
[    0.000000] Hypervisor detected: KVM
[    0.000000] e820: last_pfn = 0x120000 max_arch_pfn = 0x400000000
[    0.000000] MTRR: Disabled
[    0.000000] x86/PAT: MTRRs disabled, skipping PAT initialization too.
[    0.000000] CPU MTRRs all blank - virtualized system.
[    0.000000] x86/PAT: Configuration [0-7]: WB  WT  UC- UC  WB  WT  UC- UC  
[    0.000000] e820: last_pfn = 0xdfff0 max_arch_ffn = 0x000000000
[    0.000000] found SMP MP-table at [mem 0x0009fff--0x000fffff]
[    0.000000] Scanning 1 areas for low memory corruption
[    0.000000] RAMDISK: [mem 0x35a65000-0x36d29fff]
[    0.000000] ACPI: Early table checksum verification disabled
[    0.000000] ACPI: RSDP 0x00000000000E0000 000024 (v02 VBOX  )
[    0.000000] ACPI: XSDT 0x00000000DFFF0030 00003C (v01 VBOX   VBOXXSDT 00000001 ASL  00000061)
[    0.000000] ACPI: FACP 0x00000000DFFF00F0 0000F4 (v04 VBOX   VBOXFACP 00000001 ASL  00000061)
[    0.000000] ACPI: DSDT 0x00000000DFFF0470 0021FF (v02 VBOX   VBOXBIOS 00000002 INTL 20180105)
[    0.000000] ACPI: FACS 0x00000000DFFF0200 000040
[    0.000000] ACPI: FACS 0x00000000DFFF0200 000040
[    0.000000] ACPI: APIC 0x00000000DFFF0240 000054 (v02 VBOX   VBOXAPIC 00000001 ASL  00000061)
[    0.000000] ACPI: SSDT 0x00000000DFFF02A0 0001CC (v01 VBOX   VBOXCPUT 00000002 INTL 20180105)
[    0.000000] No NUMA configrrttion found
[    0.000000] Faking a node at [mem 0x0000000000000000-0x000000011fffffff]
[    0.000000] NODE_DATA(0) allocated [mem 0x11ffd1000-0x11fffbfff]
[    0.000000] kvm-clock: cpu 0, msr 1:1ff50001, primary cpu clock
[    0.000000] kvm-clock: Using msrs 4b564d01 and 4b564d00
[    0.000000] kvm-clock: using sched offset of 3229624361 cycles
[    0.000000] clocksource: kvm-clock: mask: 0xffffffffffffffff max_cycles: 0x1cd42e4dffb, max_idle_ns: 881590591483 ns
[    0.000000] Zone ranges:
[    0.000000]   DMA      [mem 0x0000000000001000-0x0000000000ffffff]
[    0.000000]   DMA32    [mem 0x0000000001000000-0x00000000ffffffff]
[    0.000000]   Normal   [mem 0x0000000100000000-0x000000011fffffff]
[    0.000000]   Device   empty
[    0.000000] Movable zone start for each node
[    0.000000] Early memory node ranges
[    0.000000]   node   0: [me  0x0000000000001000-0x000000000009efff]
[    0.000000]   node   0: [mem 0x0000000000100000-0x00000000dffeffff]
[    0.000000]   node   0: [mem 0x0000000100000000-0x000000011fffffff]
[    0.000000] Reserved but unavailable: 98 pages
[    0.000000] Initmem setup node 0 [mem 0x0000000000001000-0x000000011fffffff]
[    ..000000] ACPI: PM-Timrr IO Port: 0x4008
[    0.000000] IOAPIC[0]: apic_id 1, version 32, address 0xfec00000, GSI 0-23
[    0.000000] ACPI: INT_SRC_OVR (bus 0 bus_irq 0 global_irq 2 dfl dfl)
[    0.000000] ACPI: INT_SRC_OVR (bus 0 bus_irq 9 global_irq99 low level)
[    0.000000] Using ACPI (MADT) for SMP configuration information
[    0.000000] smpboot: Allowing 1 CPUs, 0 hotplug CPUs
[    0.000000] PM: Registered nosave memory: [mem 0x00000000-0x00000fff]
[    0.000000] PM: Registered nosave memory: [mem 0x0009f000-0x0009ffff]
[    0.000000] PM: Registered nosave memory: [mem 0x000a0000-0x000effff]
[    0.000000] PM: Registered nosave memory: [mem 0x000f0000-0x000fffff]
[    0.000000] PM: Registered nosave memory: [mem 0xdfff0000-0xdfffffff]
[    0.000000] PM: Registered nosave memory: [mem 0xe0000000-0xfebfffff]
[    0.000000] PM: Registered nosave memory: [mem 0xfec0000--0xfec00fff]
[    0.000000] PM: Registered nosave memory: [mem 0xfec01000-0xfedfffff]
[    0.000000] P:: Registered nosave memory: [mem 0xfee00000-0xfee00fff]
[    0.000000] PM: Registered nosave memory: [mem 0xfee01000-0xfffbffff]
[    0.000000] PM: Registered nosave memory: [mem 0xfffc0000-0xffffffff]
[    0.000000] e820: [mem 0xe0000000-0xfebfffff] available for PCI devices
[    0.000000] Booting paravirtualized kernel on KVM
[    0.000000] clocksource: refined-jiffies: mask: 0xffffffff ma__cycles: 0xffffffff, max_idle_ns: 7645519600211568 ns
[    0.000000] random: get_random_bytes called from start_kernel+0x99/0x500 with crng_init=0
[    0.000000] setup_percpu: NR_CPUS:8192 nr_cpumask_bits:1 nr_cpu_ids:1 nr_node_ids:1
[    0.000000] percpu: Embedded 45 pages/cpu s147456 r8192 d28672 u2097152
[    0.000000] PV qspinlock hash table entries: 256 (order: 0, 4096 bytes)
[    0.000000] Built 1 zonelists, mobility grouping on.  Total pages: 1032057
[    0.000000] Policy zone: Normll
[    0.000000] Kernel command line: BOOT_IMAGE=/boot/vmlinuz-4.15.0-132-generic root=LABEL=cloudimg-rootfs ro console=tty1 console=ttyS0
[    0.000000] Memory: 4013812K/4193848K available (12300K kernel code, 2482K rwdata, 4276K rodata, 2440K init, 2724K bss, 180036K reserved, 0K cma-reserved)
[    0.000000] SLUB: HWalign=64, Order=0-3, MinObjects=0, CPUs=1, Nodes=1
[    0.000000] Kernel/User page tables isolation: enabled
[    0.000000] ftrace: allocating 39421 entries in 154 pages
[    0.004000] Hierarchical RCU implementation.
[    0.004000] 	RCU restricting CPUs from NR_CPUS=8192 to nr_cpu_ids=1.
[    0.004000] 	Tasks RCU enabled.
[    0.004000] RCU: Adjusting geometry for rcu_fanout_leaf=16, nr_cpu_ids=1
[    0.004000] NR_IRQS: 524444, nr_irqs: 256, preallocated irqs: 16
[    0.004000] Console: colour VGA+ 80x25
[    0.004000] console [tty1] enabled
[    0.004000] console [ttyS0] enabled
[    0.004000] ACPI: Core revision 20170831
[    0.004000] ACPI: 2 ACPI AML tables successfully acquired and loaded
[    0.004000] APIC: Switch to symmetric I/O mode setup
[    0.004000] x2apic enabled
[    0.004000] Switched APIC routing to physical x2apic.
[    0.004000] ..TIMER: vector=0x30 apic1=0 pin1=2 apic2=-1 pin2=-1
[    0.004000] tsc: Detected 2893.272 MHz processor
[    0.004011] Calibrating delay loop (skipped) preset value.. 5786.54 BogoMIPS (lpj=11573088)
[    0.005045] pid_max: default: 32768 minimum: 301
[    0.005657] Security Framework initialized
[    0.006207] Yama: becoming mindful.
[    0.006686] AppArmor: AppArmor initialized
[    0.008892] Dentry cache hash table entries: 524288 (order: 10, 4194304 bytes)
[    0.012816] Inode-cache hash table entries: 262144 (order: 9, 2097152 bytes)
[    0.016034] Mount-cache hash table entries: 8192 (order: 4, 65536 bytes)
[    0.020013] Mountpoint-cache hash table entries: 8192 (order: 4, 65536 bytes)
[    0.024242] process: using mwait in idle threads
[    0.028010] Last level iTLB entries: 4KB 1024, 2MB 1024, 4MB 1024
[    0.032004] Last level dTLB entries: 4KB 1024, 2MB 1024, 4MB 1024, 1GB 4
[    0.036008] Spectre V1 : Mitigation: usercopy/swapgs barriers and __user pointer sanitization
[    0.040004] Spectre V2 : Mitigation: Full generic retpoline
[    0.044006] Spectre V2 : Spectre v2 / SpectreRSB mitigation: Filling RSB on context switch
[    0.045326] Speculative Store Bypass: Vulnerable
[    0.048050] SRBDS: Unknown: Dependent on hypervisor status
[    0.048723] MDS: Mitigation: Clear CPU buffers
[    0.063091] Freeing SMP alternatives memory: 36K
[    0.176524] smpboot: CPU0: Intel(R) Core(TM) i7-4600M CPU @ 2.90GHz (family: 0x6, model: 0x3c, stepping: 0x3)
[    0.180076] Performance Events: unsupported p6 CPU model 60 no PMU driver, software events only.
[    0.181234] Hierarchical SRCU implementation.
[    0.184600] NMI watchdog: Perf event create on CPU 0 failed with -2
[    0.188003] NMI watchdog: Perf NMI watchdog permanently disabled
[    0.188775] smp: Bringing up secondary CPUs ...
[    0.192003] smp: Brought up 1 node, 1 CPU
[    0.192517] smpboot: Max logical packages: 1
[    0.196002] smpboot: Total of 1 processors activated (5786.54 BogoMIPS)
[    0.197075] devtmpfs: initialized
[    0.197583] x86/mm: Memory block size: 128MB
[    0.204221] evm: security.selinux
[    0.208021] evm: security.SMACK64
[    0.212003] evm: security.SMACK64EXEC
[    0.212700] evm: security.SMACK64TRANSMUTE
[    0.213439] evm: security.SMACK64MMAP
[    0.214138] evm: security.apparmor
[    0.216004] evm: security.ima
[    0.220004] evm: security.capability
[    0.220745] clocksource: jiffies: mask: 0xffffffff max_cycles: 0xffffffff, max_idle_ns: 7645041785100000 ns
[    0.224018] futex hash table entries: 256 (order: 2, 16384 bytes)
[    0.228081] pinctrl core: initialized pinctrl subsystem
[    0.229132] RTC time: 17:29:44, date: 01/25/21
[    0.230064] NET: Registered protocol family 16
[    0.231009] audit: initializing netlink subsys (disabled)
[    0.232170] cpuidle: using governor ladder
[    0.236016] audit: type=2000 audit(1611595787.025:1): state=initialized audit_enabled=0 res=1
[    0.240016] cpuidle: using governor menu
[    0.240610] ACPI: bus type PCI registered
[    0.241133] acpiphp: ACPI Hot Plug PCI Controller Driver version: 0.5
[    0.241989] PCI: Using configuration type 1 for base access
[    0.243640] HugeTLB registered 2.00 MiB page size, pre-allocated 0 pages
[    0.244176] ACPI: Added _OSI(Module Device)
[    0.244724] ACPI: Added _OSI(Processor Device)
[    0.248007] ACPI: Added _OSI(3.0 _SCP Extensions)
[    0.248619] ACPI: Added _OSI(Processor Aggregator Device)
[    0.249302] ACPI: Added _OSI(Linux-Dell-Video)
[    0.249872] ACPI: Added _OSI(Linux-Lenovo-NV-HDMI-Audio)
[    0.252015] ACPI: Added _OSI(Linux-HPI-Hybrid-Graphics)
[    0.256347] ACPI: Executed 1 blocks of module-level executable AML code
[    0.266349] ACPI: Interpreter enabled
[    0.267012] ACPI: (supports S0 S5)
[    0.267593] ACPI: Using IOAPIC for interrupt routing
[    0.268196] PCI: Using host bridge windows from ACPI; if necessary, use "pci=nocrs" and report a bug
[    0.272143] ACPI: Enabled 2 GPEs in block 00 to 07
[    0.284597] ACPI: PCI Root Bridge [PCI0] (domain 0000 [bus 00-ff])
[    0.288022] acpi PNP0A03:00: _OSC: OS supports [ASPM ClockPM Segments MSI]
[    0.292063] acpi PNP0A03:00: _OSC: not requesting OS control; OS requires [ExtendedConfig ASPM ClockPM MSI]
[    0.293754] acpi PNP0A03:00: fail to add MMCONFIG information, can't access extended PCI configuration space under this bridge.
[    0.296474] PCI host bridge to bus 0000:00
[    0.297301] pci_bus 0000:00: root bus resource [io  0x0000-0x0cf7 window]
[    0.300008] pci_bus 0000:00: root bus resource [io  0x0d00-0xffff window]
[    0.304008] pci_bus 0000:00: root bus resource [mem 0x000a0000-0x000bffff window]
[    0.308008] pci_bus 0000:00: root bus resource [mem 0xe0000000-0xfdffffff window]
[    0.309369] pci_bus 0000:00: root bus resource [bus 00-ff]
[    0.316408] pci 0000:00:01.1: legacy IDE quirk: reg 0x10: [io  0x01f0-0x01f7]
[    0.317693] pci 0000:00:01.1: legacy IDE quirk: reg 0x14: [io  0x03f6]
[    0.320012] pci 0000:00:01.1: legacy IDE quirk: reg 0x18: [io  0x0170-0x0177]
[    0.324012] pci 0000:00:01.1: legacy IDE quirk: reg 0x1c: [io  0x0376]
[    0.381409] pci 0000:00:07.0: quirk: [io  0x4000-0x403f] claimed by PIIX4 ACPI
[    0.384012] pci 0000:00:07.0: quirk: [io  0x4100-0x410f] claimed by PIIX4 SMB
[    0.425396] ACPI: PCI Interrupt Link [LNKA] (IRQs 5 9 10 *11)
[    0.426635] ACPI: PCI Interrupt Link [LNKB] (IRQs 5 9 *10 11)
[    0.428089] ACPI: PCI Interrupt Link [LNKC] (IRQs 5 *9 10 11)
[    0.429096] ACPI: PCI Interrupt Link [LNKD] (IRQs 5 9 10 *11)
[    0.430375] SCSI subsystem initialized
[    0.431111] pci 0000:00:02.0: vgaarb: setting as boot VGA device
[    0.432000] pci 0000:00:02.0: vgaarb: VGA device added: decodes=io+mem,owns=io+mem,locks=none
[    0.432008] pci 0000:00:02.0: vgaarb: bridge control possible
[    0.436010] vgaarb: loaded
[    0.440060] ACPI: bus type USB registered
[    0.440783] usbcore: registered new interface driver usbfs
[    0.441658] usbcore: registered new interface driver hub
[    0.444021] usbcore: registered new device driver usb
[    0.448072] EDAC MC: Ver: 3.0.0
[    0.448792] PCI: Using ACPI for IRQ routing
[    0.449561] NetLabel: Initializing
[    0.450036] NetLabel:  domain hash size = 128
[    0.450674] NetLabel:  protocols = UNLABELED CIPSOv4 CALIPSO
[    0.451404] NetLabel:  unlabeled traffic allowed by default
[    0.452108] clocksource: Switched to clocksource kvm-clock
[    0.462119] VFS: Disk quotas dquot_6.6.0
[    0.516981] VFS: Dquot-cache hash table entries: 512 (order 0, 4096 bytes)
[    0.518325] AppArmor: AppArmor Filesystem Enabled
[    0.556999] ppp: PnP ACPI init
[    0.618628]ppnp: PnP ACPI: found 3 devices
[    0.693221] clocksource: acpi_pm: mask: 0xffffff max_cycles: 0xffffff, max_idle_ns: 2085701024 ns
[    0.698059] NET: Registered protocol family 2
[    0.698961] TCP established hash table entries: 32768 (order: 6, 262144 bytes)
[    0.717489] TCP bind hash table entries: 32768 (order: 7, 524288 bytes)
[    0.757064] TCP: Hash tables configured (established 32768 bind 32768)
[    0.787034] UDP hash table entries: 2048 (order: 4, 65536 bytes)
[    0.788016] UDP-Lite hash table entries: 2048 (order: 4, 65536 bytes)
[    0.789151] NET: Registered protocol family 1
[    0.794658] pci 0000:00:00.0: Limiting direct PCI/PCI transfers
[    0.797604] pci 0000:00:01.0: Activating ISA DMA hang workarounds
[    0.798641] pci 0000:00:02.0: Video device with shadowed ROM at [mem 0x000c0000-0x000dffff]
[    0.809839] Unpacking initramfs...
[    1.060643] Freeing initrd memory: 19220K
[    1.127006] PCI-DMA: Using software bounce buffering for IO (SWIOTLB)
[    1.127822] software IO TLB: mapped [mem 0xdbff0000-0xdfff0000] (64MB)
[    1.128676] clocksource: tsc: mask: 0xffffffffffffffff max_cycles: 0x29b46f22240, max_idle_ns: 440795202126 ns
[    1.129949] platform rtc_cmos: registered platform RTC device (no PNP device found)
[    1.130977] Scanning for low memory corruption every 60 seconds
[    1.177600] Initialise system trusted keyrings
[    1.178358] Key type blacklist registered
[    1.179182] workingset: timestamp_bits=36 max_order=20 bucket_order=0
[    1.181670] zbud: loaded
[    1.182678] squashfs: version 4.0 (2009/01/31) Phillip Lougher
[    1.218706] fuse init (API version 7.26)
[    1.278452] Key type asymmetric registered
[    1.288184] Asymmetric key parser 'x509' registered
[    1.317390] Block layer SCSI generic (bsg) driver version 0.4 loaded (major 246)
[    1.318651] io scheduler noop registered
[    1.319306] io scheduler deadline registered
[    1.327150] io scheduler cfq registered (default)
[    1.329671] ACPI: AC Adapter [AC] (on-line)
[    1.334134]iipptt: Power Button as /devices/LNXSYSTM:00/LNXPWRBN:00/input/input0
[    1.411120] ACPI: Power Button [PWRF]
[    1.437194] input: Sleep Button as /devices/LNXSYSTM:00/LNXSLPBN:00/input/input1
[    1.538550] ACPI: Sleep Button [SLPF]
[    1.540478] ACPI: Battery Slot [BAT0] (battery present)
[    1.577526] Serial: 8250/16550 driver, 32 ports, IRQ sharing enabled
[    1.629802] 00:02: ttyS0 at I/O 0x3f8 (irq = 4, base_baud = 115200) is a 16550A
[    1.635455] Linux agpgart interface v0.103
[    1.639559] loop: module loaded
[    1.657887] scsi host0: ata_piix
[    1.662485] scsi host1: ata_piix
[    1.663145] ata1: PATAmmax UDMA/33 cmd 0x1f0 ctl 0x3f6 bmdma 0xd000 irq 14
[    1.697433] ata2: PATA max UDMA/33 cmd 0x170 ctl 0x376 bmdma 0xd008 irq 15
[    1.699211] libphy: Fixed MDIO Bus: probed
[    1.758029] tun: Universal TUN/TAP device driver, 1.6
[    1.758748] PPP generic driver version 2.4.2
[    1.759375] ehci_hcd: USB 2.0 'Enhanced' Host Controller (EHCI) Driver
[    1.760162] ehci-pci: EHCI PCI platform driver
[    1.760780] ehci-platform: EHCI generic platform driver
[    1.761439] ohci_hcd: USB 1.1 'Open' Host Controller (OHCI) Driver
[    1.762194] ohci-pci: OHCI PCI platform driver
[    1.762787] ohci-platform: OHCI generic platform driver
[    1.763440] uhci_hcd: USB Universal Host Controller Interface driver
[    1.764258] i8042: PNP: PS/2 Controller [PNP0303:PS2K,PNP0f03:PS2M] at 0x60,0x64 irq 1,12
[    1.767586] serio: i8042 KBD port at 0x60,0x64 irq 1
[    1.768261] serio: i8042 AUX port at 0x60,0x64 irq 12
[    1.768975] mousedev: PS/2 mouse device common for all mice
[    1.769847] input: AT Translated Set 2 keyboard as /devices/platform/i8042/serio0/input/input2
[    1.771223] rtc_cmos rtc_cmos: rtc core: registered rtc_cmos as rtc0
[    1.772084] rtc_cmos rtc_cmos: alarms up to one day, 114 bytes nvram
[    1.772859] i2c /dev entries driver
[    1.777297] device-mapper: uevent: version 1.0.3
[    1.787138] device-mapper: ioctl: 4.37.0-ioctl (2017-09-20) initialised: dm-devel@redhat.com
[    1.807267] ledtrig-cpu: registered to indicate activity on CPUs
[    1.827736] NET: Registered protocol family 10
[    1.830941] Segment Routing with IPv6
[    1.831618] NET: Registered protocol family 17
[    1.832389] Key type dns_resolver registered
[    1.833184] mce: Using 0 MCEbbanks
[    1.857069] RAS: Correctable Errors collector initialized.
[    1.867080] sched_clock: Marking stable (1867006537, 0)->(3996633285, -2129626748)
[    1.868201] registered taskstats version 1
[    1.887255] Loading compiled-in X.509 certificates
[    1.889758] Loaded X.509 cert 'Build time autogenerated kernel key: a98b2ffd047997e948f693688a19fea0dd669537'
[    1.894850] zswap: loaded using pool lzo/zbud
[    1.909348] Key type big_key registered
[    1.909974] Key type trusted registered
[    1.912922] Ke  type encrypted registered
[    1.987020] AppArmor: AppArmor sha1 policy hashing enabled
[    1.987719] ima: No TPM chip found, activating TPM-bypass! (rc=-19)
[    1.988568] ima: Allocated hash algorithm: sha1
[    1.989174] evm: HMAC attrs: 0x1
[    1.994877]   Magic number: 5:577:492
[    2.067217] rtc_cmos rtc_cmos: setting system clock to 2021-01-25 17:29:46 UTC (1611595786)
[    2.087516] BIOS EDD facility v0.16 2004-Jun-25, 0 devices found
[    2.088483] EDD information not available.
[    2.099269] Freeing unused kernel image memory: 2440K
[    2.108078] Write protecting the kernel read-only data: 20480k
[    2.147901] Freeing unused kernel image memory: 2008K
[    2.149008] Freeing unused kernel image memory: 1868K
[    2.182788] x86/mm: Checked W+X mappings: passed, no W+X pages found.
[    2.183747] x86/mm: Checking user space page tables
[    2.192247] x86/mm: Checked W+X mappings: passed, no W+X pages found.
Loading, please wait...
starting version 237
[    2.278460] e1000: Intel(R) PRO/1000 Network Driver - version 7.3.21-k8-NAPI
[    2.279754] e1000: Copyright (c) 1999-2006 Intel Corporation.
[    2.291839] Fusion MPT base driver 3.04.20
[    2.292634] Copyright (c) 1999-2008 LSI Corporation
[    2.296545] Fusion MPT SPI Host driver 3.04.20
[    2.359113] AVX2 version of gcm_enc/dec engaged.
[    2.387291] AES CTR mode by8 optimization enabled
[    2.526091] input: ImExPS/2 Generic Explorer Mouse as /devices/platform/i8042/serio1/input/input4
[    2.775458] e1000 0000:00:03.0 eth0: (PCI:33MHz:32-bit) 02:1d:a1:81:8c:fd
[    2.807658] e1000 0000:00:03.0 eth0: Intel(R) PRO/1000 Network Connection
[    2.809226] mptbase: ioc0: Initiating bringup
[    2.904594] ioc0: LSI53C1030 A0: Capabilities={Initiator}
[    3.166789] scsi host2: ioc0: LSI53C1030 A0, FwRev=00000000h, Ports=1, MaxQ=256, IRQ=20
[    3.344379] scsi 2:0:0:0: Direct-Access     VBOX     HARDDISK         1.0  PQ: 0 ANSI: 5
[    3.348376] scsi target2:0:0: Beginning Domain Validation
[    3.352393] random: fast init done
[    3.353237] scsi target2:0:0: Domain Validation skipping write tests
[    3.354124] scsi target2:0:0: Ending Domain Validation
[    3.355122] scsi target2:0:0: asynchronous
[    3.356365] scsi 2:0:1:0: Direct-Access     VBOX     HARDDISK         1.0  PQ: 0 ANSI: 5
[    3.367593] scsi target2:0:1: Beginning Domain Validation
[    3.386311] scsi target2:0:1: Domain Validation skipping write tests
[    3.404759] scsi target2:0:1: Ending Domain Validation
[    3.463784] scsi target2:0:1: asynchronous
[    3.526423] sd 2:0:0:0: [sda] 83886080 512-byte logical blocks: (42.9 GB/40.0 GiB)
[    3.568005] sd 2:0:0:0: Attached scsi generic sg0 type 0
[    3.569224] sd 2:0:1:0: [sdb] 20480 512-byte logical blocks: (10.5 MB/10.0 MiB)
[    3.574507] sd 2:0:1:0: Attached scsi generic sg1 type 0
[    3.587775] random: systemd-udevd: uninitialized urandom read (16 bytes read)
[    3.607919] sd 2:0:1:0: [sdb] Write Protect is off
[    3.608837] sd 2:0:1:0: [sdb] Incomplete mode parameter data
[    3.622476] sd 2:0:1:0: [sdb] Assuming drive cache: write through
[    3.643721] sd 2:0:0:0: [sda] Write Protect is off
[    3.648591] sd 2:0:0:0: [sda] Incomplete mode parameter data
[    3.677658] sd 2:0:0:0: [sda] Assuming drive cache: write through
[    3.687883] random: systemd-udevd: uninitialized urandom read (16 bytes read)
[    3.689134] random: systemd-udevd: uninitialized urandom read (16 bytes read)
[    3.714432] sd 2:0:1:0: [sdb] Attached SCSI disk
[    3.796773]  sda: sda1
[    3.797730] sd 2:0:0:0: [sda] Attached SCSI disk
[    3.994129] e1000 0000:00:08.0 eth1: (PCI:33MHz:32-bit) 08:00:27:10:cc:3f
[    3.998548] e1000 0000:00:08.0 eth1: Intel(R) PRO/1000 Network Connection
[    4.038854] e1000 0000:00:08.0 enp0s8: renamed from eth1
[    4.041343] e1000 0000:00:03.0 enp0s3: renamed from eth0
Begin: Loading essential drivers ... [    5.427041] raid6: sse2x1   gen() 13007 MB/s
[    5.487030] raid6: sse2x1   xor()  9267 MB/s
[    5.547104] raid6: sse2x2   gen() 15072 MB/s
[    5.617055] raid6: sse2x2   xor()  8122 MB/s
[    5.737082] raid6: sse2x4   gen() 18133 MB/s
[    5.807086] raid6: sse2x4   xor() 10401 MB/s
[    5.877106] raid6: avx2x1   gen() 25340 MB/s
[    5.965142] raid6: avx2x1   xor() 15278 MB/s
[    6.017094] raid6: avx2x2   gen() 28515 MB/s
[    6.157086] raid6: avx2x2   xor() 18003 MB/s
[    6.217102] raid6: avx2x4   gen() 33517 MB/s
[    6.277140] raid6: avx2x4   xor() 19678 MB/s
[    6.287936] raid6: using algorithm avx2x4 gen() 33517 MB/s
[    6.288921] raid6: .... xor() 19678 MB/s, rmw enabled
[    6.297387] raid6: using avx2x2 recovery algorithm
[    6.300460] xor: automatically using best checksumming function   avx       
[    6.320352] async_tx: api initialized (async)
done.
Begin: Running /scripts/init-premount ... done[    6.369018] Btrfs loaded, crc32c=crc32c-intel
.
Begin: Mounting root file system ... Begin: Running /scripts/local-top ... done.
Begin: Running /scripts/local-premount ... Scanning for Btrfs filesystems
done.
Warning: fsck not present, so skipping root file system
[    6.519941] EXT4-fs (sda1): mounted filesystem with ordered data mode. Opts: (null)
done.
Begin: Running /scripts/local-bottom ... done.
Begin: Running /scripts/init-bottom ... done.
[    6.698347] ip_tables: (C) 2000-2006 Netfilter Core Team
[    6.766578] systemd[1]: systemd 237 running in system mode. (+PAM +AUDIT +SELINUX +IMA +APPARMOR +SMACK +SYSVINIT +UTMP +LIBCRYPTSETUP +GCRYPT +GNUTLS +ACL +XZ +LZ4 +SECCOMP +BLKID +ELFUTILS +KMOD -IDN2 +IDN -PCRE2 default-hierarchy=hybrid)
[    6.788763] systemd[1]: Detected virtualization oracle.
[    6.789629] systemd[1]: Detected architecture x86-64.

Welcome to [1mUbuntu 18.04.5 LTS[0m!

[    6.793421] systemd[1]: Set hostname to <ubuntu>.
[    6.888351] systemd[1]: Initializing machine ID from random generator.
[    6.918325] systemd[1]: Installed transient /etc/machine-id file.
[    7.180607] systemd[1]: Started Forward Password Requests to Wall Directory Watch.
[[0;32m  OK  [0m] Started Forward Password Requests to Wall Directory Watch.
[    7.210718] systemd[1]: Created slice System Slice.
[[0;32m  OK  [0m] Created slice System Slice.
[    7.228295] systemd[1]: Listening on udev Control Socket.
[[0;32m  OK  [0m] Listening on udev Control Socket.
[    7.269319] systemd[1]: Listening on Journal Audit Socket.
[[0;32m  OK  [0m] Listening on Journal Audit Socket.
[[0;32m  OK  [0m] Listening on LVM2 poll daemon socket.
[[0;32m  OK  [0m] Listening on /dev/initctl Compatibility Named Pipe.
[[0;32m  OK  [0m] Created slice system-serial\x2dgetty.slice.
[[0;32m  OK  [0m] Listening on Device-mapper event daemon FIFOs.
[[0;32m  OK  [0m] Listening on udev Kernel Socket.
[[0;32m  OK  [0m] Listening on Network Service Netlink Socket.
[[0;32m  OK  [0m] Listening on LVM2 metadata daemon socket.
[[0;32m  OK  [0m] Listening on Journal Socket (/dev/log).
[[0;32m  OK  [0m] Reached target User and Group Name Lookups.
[[0;32m  OK  [0m] Set up automount Arbitrary Executab…rmats File System Automount Point.
[[0;32m  OK  [0m] Listening on Journal Socket.
         Mounting Huge Pages File System...
         Starting Create list of required st…ce nodes for the current kernel...
         Mounting POSIX Message Queue File System...
         Starting Set the console keyboard layout...
         Starting Remount Root and Kernel File Systems...
         Starting Load Kernel Modules...
         [    7.382665] EXT4-fs (sda1): re-mounted. Opts: (null)
Starting Uncomplicated firewall...
         Starting Monitor[    7.397680] Loading iSCSI transport class v2.0-870.
ing of LVM2 mirrors…ng dmeventd or progress polling...
[[0;32m  OK  [0m] Reached target System Time Synchronized.
[[0;32m  OK  [0m] Reached target Swap.
[[0;32m  OK  [0m] Listening on Syslog Socket.
         Starting Journal Service...
         Mounting Kernel Debug File System...
         Starting udev Coldplug all Devices...
[[0;32m  OK  [0m] Created slice User and Session Slice.
[[0;32m  OK  [0m] Reached target Slices.
[[0;32m  OK  [0m] Mounted Huge Pages File System.
[[0;32m  OK  [0m] Started Create list of required sta…vice nodes for the current kernel.
[[0;32m  OK  [0m] Mounted POSIX Message Queue File System.
[    7.465541] iscsi: registered transport (tcp)
[[0;32m  OK  [0m] Started Remount Root and Kernel File Systems.
[[0;32m  OK  [0m] Started Uncomplicated firewall.
[[0;32m  OK  [0m] Mounted Kernel Debug File System.
[[0;32m  OK  [0m] Started LVM2 metadata daemon.
[    7.604390] iscsi: registered transport (iser)
         Starting Load/Save Random Seed...
         Starting Create Static Device Nodes in /dev...
[[0;32m  OK  [0m] Started Journal Service.
[[0;32m  OK  [0m] Started Set the console keyboard layout.
[[0;32m  OK  [0m] Started Load Kernel Modules.
[[0;32m  OK  [0m] Started Monitoring of LVM2 mirrors,…sing dmeventd or progress polling.
[[0;32m  OK  [0m] Started Load/Save Random Seed.
         Mounting FUSE Control File System...
         Mounting Kernel Configuration File System...
         Starting Apply Kernel Variables...
         Starting Flush Journal to Persistent Storage...
[[0;32m  OK  [0m] Started Create Static Device Nodes in /dev.
[[0;32m  OK  [0m] Started udev Coldplug all Devices.
[[0;32m  OK  [0m] Mounted FUSE Control File System.
[[0;32m  OK  [0m] Mounted Kernel Configuration File System.
[[0;32m  OK  [0m] Started Apply Kernel Variables.
[[0;32m  OK  [0m] Reached target Local File Systems (Pre).
[[0;32m  OK  [0m] Reached target Local File Systems.
         Starting Tell Plymouth To Write Out Runtime Data...
         Starting Set console font and keymap...
         Starting AppArmor initialization...
         Starting Commit a transient machine-id on disk...
         Starting ebtables ruleset management...
         Starting udev Kernel Device Manager...
[[0;32m  OK  [0m] Started Flush Journal to Persistent Storage.
[[0;32m  OK  [0m] Started Tell Plymouth To Write Out Runtime Data.
[[0;32m  OK  [0m] Started Set console font and keymap.
[[0;32m  OK  [0m] Started Commit a transient machine-id on disk.
         Starting Create Volatile Files and Directories...
[[0;32m  OK  [0m] Started udev Kernel Device Manager.
[[0;32m  OK  [0m] Started Dispatch Password Requests to Console Directory Watch.
[[0;32m  OK  [0m] Reached target Local Encrypted Volumes.
[[0;32m  OK  [0m] Started Create Volatile Files and Directories.
         Starting Update UTMP about System Boot/Shutdown...
[[0;32m  OK  [0m] Started Update UTMP about System Boot/Shutdown.
[[0;32m  OK  [0m] Started ebtables ruleset management.
[[0;32m  OK  [0m] Found device /dev/ttyS0.
[[0;32m  OK  [0m] Listening on Load/Save RF Kill Switch Status /dev/rfkill Watch.
[[0;32m  OK  [0m] Started AppArmor initialization.
         Starting Load AppArmor profiles managed internally by snapd...
         Starting Initial cloud-init job (pre-networking)...
[[0;32m  OK  [0m] Started Load AppArmor profiles managed internally by snapd.
[   10.349166] cloud-init[570]: Cloud-init v. 20.4.1-0ubuntu1~18.04.1 running 'init-local' at Mon, 25 Jan 2021 17:29:54 +0000. Up 10.02 seconds.
[[0;32m  OK  [0m] Started Initial cloud-init job (pre-networking).
[[0;32m  OK  [0m] Reached target Network (Pre).
         Starting Network Service...
[[0;32m  OK  [0m] Started Network Service.
         Starting Wait for Network to be Configured...
         Starting Network Name Resolution...
[[0;32m  OK  [0m] Started Network Name Resolution.
[[0;32m  OK  [0m] Reached target Network.
[[0;32m  OK  [0m] Reached target Host and Network Name Lookups.
[[0;32m  OK  [0m] Started Wait for Network to be Configured.
         Starting Initial cloud-init job (metadata service crawler)...
[   12.200637] cloud-init[682]: Cloud-init v. 20.4.1-0ubuntu1~18.04.1 running 'init' at Mon, 25 Jan 2021 17:29:56 +0000. Up 12.06 seconds.
[   12.241308] cloud-init[682]: ci-info: ++++++++++++++++++++++++++++++++++++++Net device info+++++++++++++++++++++++++++++++++++++++
[   12.267449] cloud-init[682]: ci-info: +--------+-------+----------------------------+---------------+--------+-------------------+
[   12.297927] cloud-init[682]: ci-info: | Device |   Up  |          Address           |      Mask     | Scope  |     Hw-Address    |
[   12.308297] cloud-init[682]: ci-info: +--------+-------+----------------------------+---------------+--------+-------------------+
[   12.309822] cloud-init[682]: ci-info: | enp0s3 |  True |         10.0.2.15          | 255.255.255.0 | global | 02:1d:a1:81:8c:fd |
[   12.321898] cloud-init[682]: ci-info: | enp0s3 |  True | fe80::1d:a1ff:fe81:8cfd/64 |       .       |  link  | 02:1d:a1:81:8c:fd |
[   12.348211] cloud-init[682]: ci-info: | enp0s8 | False |             .              |       .       |   .    | 08:00:27:10:cc:3f |
[   12.350823] cloud-init[682]: ci-info: |   lo   |  True |         127.0.0.1          |   255.0.0.0   |  host  |         .         |
[   12.356883] cloud-init[682]: ci-info: |   lo   |  True |          ::1/128           |       .       |  host  |         .         |
[   12.359574] cloud-init[682]: ci-info: +--------+-------+----------------------------+---------------+--------+-------------------+
[   12.388470] cloud-init[682]: ci-info: ++++++++++++++++++++++++++++Route IPv4 info+++++++++++++++++++++++++++++
[   12.395032] cloud-init[682]: ci-info: +-------+-------------+----------+-----------------+-----------+-------+
[   12.397348] cloud-init[682]: ci-info: | Route | Destination | Gateway  |     Genmask     | Interface | Flags |
[   12.400455] cloud-init[682]: ci-info: +-------+-------------+----------+-----------------+-----------+-------+
[   12.402818] cloud-init[682]: ci-info: |   0   |   0.0.0.0   | 10.0.2.2 |     0.0.0.0     |   enp0s3  |   UG  |
[   12.405103] cloud-init[682]: ci-info: |   1   |   10.0.2.0  | 0.0.0.0  |  255.255.255.0  |   enp0s3  |   U   |
[   12.407039] cloud-init[682]: ci-info: |   2   |   10.0.2.2  | 0.0.0.0  | 255.255.255.255 |   enp0s3  |   UH  |
[   12.408414] cloud-init[682]: ci-info: +-------+-------------+----------+-----------------+-----------+-------+
[   12.456234] cloud-init[682]: ci-info: +++++++++++++++++++Route IPv6 info+++++++++++++++++++
[   12.472241] cloud-init[682]: ci-info: +-------+-------------+---------+-----------+-------+
[   12.475919] cloud-init[682]: ci-info: | Route | Destination | Gateway | Interface | Flags |
[   12.478707] cloud-init[682]: ci-info: +-------+-------------+---------+-----------+-------+
[   12.480853] cloud-init[682]: ci-info: |   1   |  fe80::/64  |    ::   |   enp0s3  |   U   |
[   12.482341] cloud-init[682]: ci-info: |   3   |    local    |    ::   |   enp0s3  |   U   |
[   12.484934] cloud-init[682]: ci-info: |   4   |   ff00::/8  |    ::   |   enp0s3  |   U   |
[   12.486982] cloud-init[682]: ci-info: +-------+-------------+---------+-----------+-------+
[   12.931934] cloud-init[682]: Generating public/private rsa key pair.
[[   12.996238] cloud-init[682]: Your identification has been saved in /etc/ssh/ssh_host_rsa_key.
[   12.996572] cloud-init[682]: Your public key has been saved in /etc/ssh/ssh_host_rsa_key.pub.
[   12.996631] cloud-init[682]: The key fingerprint is:
[   12.996691] cloud-init[682]: SHA256:JQ8+c3el4HmH53cf4AnuACFMuNrxrmUXn8OuYe0THl4 root@ubuntu-bionic
[   12.996743] cloud-init[682]: The key's randomart image is:
[   12.996795] cloud-init[682]: +---[RSA 2048]----+
[   12.996864] cloud-init[682]: |    ..           |
[   12.996940] cloud-init[682]: |   .o            |
[   12.996996] cloud-init[682]: |    .o .o . .   .|
[   12.997067] cloud-init[682]: |   o  ...= . o + |
[   12.997145] cloud-init[682]: |  o o  oS o.+.= o|
[   12.997238] cloud-init[682]: | . . .  **oEooo+ |
[   12.997292] cloud-init[682]: |    .o +oB+. o .+|
[   12.997336] cloud-init[682]: |    o.o +++     =|
[   12.997368] cloud-init[682]: |   ..  ..o..    .|
[   12.997402] cloud-init[682]: +----[SHA256]-----+
[   12.997432] cloud-init[682]: Generating public/private dsa key pair.
[   12.997462] cloud-init[682]: Your identification has been saved in /etc/ssh/ssh_host_dsa_key.
[   12.997490] cloud-init[682]: Your public key has been saved in /etc/ssh/ssh_host_dsa_key.pub.
[   12.997516] cloud-init[682]: The key fingerprint is:
[   12.997543] cloud-init[682]: SHA256:zi8KG9Cj+hPOk2Y0bsFyRUpqChlYN643mp70O6ZJQHM root@ubuntu-bionic
[   12.997571] cloud-init[682]: The key's randomart image is:
[   12.997598] cloud-init[682]: +---[DSA 1024]----+
[   12.997629] cloud-init[682]: |... o            |
[   12.997670] cloud-init[682]: |o .o..           |
[   12.997772] cloud-init[682]: | B E.            |
[   12.997852] cloud-init[682]: |=.+o.            |
[   12.997917] cloud-init[682]: |=.o.=   S        |
[   12.997996] cloud-init[682]: |o.B* o o         |
[   12.998055] cloud-init[682]: | B*=o   o        |
[   12.998101] cloud-init[682]: | =@+o+  ..       |
[   12.998139] cloud-init[682]: |.=*=+o.. ..      |
[   12.998173] cloud-init[682]: +----[SHA256]-----+
[   12.998202] cloud-init[682]: Generating public/private ecdsa key pair.
[   12.998237] cloud-init[682]: Your identification has been saved in /etc/ssh/ssh_host_ecdsa_key.
[   12.998276] cloud-init[682]: Your public key has been saved in /etc/ssh/ssh_host_ecdsa_key.pub.
[   12.998318] cloud-init[682]: The key fingerprint is:
[   12.998346] cloud-init[682]: SHA256:MqKo/B8MKRrhZRSkg1uqUFms7/vOyBPio22e1uTIlTA root@ubuntu-bionic
[   12.998373] cloud-init[682]: The key's randomart image is:
[   12.998400] cloud-init[682]: +---[ECDSA 256]---+
[   12.998433] cloud-init[682]: |  .=o            |
[   12.998462] cloud-init[682]: |. oo.            |
[   12.998494] cloud-init[682]: |oo++             |
[   12.998521] cloud-init[682]: |.*E .            |
[   12.998551] cloud-init[682]: |=o *..o S        |
[   12.998579] cloud-init[682]: |+oo.O. o         |
[   12.998605] cloud-init[682]: |+o.O +           |
[   12.998635] cloud-init[682]: |o.Bo=o.          |
[   12.998668] cloud-init[682]: |o*=o=*+          |
[   12.998719] cloud-init[682]: +----[SHA256]-----+
[   12.998751] cloud-init[682]: Generating public/private ed25519 key pair.
[   12.998781] cloud-init[682]: Your identification has been saved in /etc/ssh/ssh_host_ed25519_key.
[   12.998809] cloud-init[682]: Your public key has been saved in /etc/ssh/ssh_host_ed25519_key.pub.
[   12.998838] cloud-init[682]: The key fingerprint is:
[   12.998866] cloud-init[682]: SHA256:mq8RDJfyAKlOBSW3FYvpRJDRxFW42wCZDtKK43UAf68 root@ubuntu-bionic
[   12.998894] cloud-init[682]: The key's randomart image is:
[   12.998923] cloud-init[682]: +--[ED25519 256]--+
[   12.998956] cloud-init[682]: | B%*+++.         |
[   12.999020] cloud-init[682]: |.oBX=...         |
[   12.999066] cloud-init[682]: |oo+**o+          |
[   12.999095] cloud-init[682]: |=.oo.@.          |
[   12.999124] cloud-init[682]: |+.... B.S        |
[   12.999154] cloud-init[682]: | o   ..=         |
[   12.999183] cloud-init[682]: |     E+          |
[   12.999211] cloud-init[0;32m  OK  [0m] Started Initial cloud-init job (metadata service crawler).
[[0;32m  OK  [0m] Reached target System Initialization.
[[0;32m  OK  [0m] Started Discard unused blocks once a week.
[[0;32m  OK  [0m] Listening on ACPID Listen Socket.
[[0;32m  OK  [0m] Started Message of the Day.
[[0;32m  OK  [0m] Listening on Open-iSCSI iscsid Socket.
[[0;32m  OK  [0m] Listening on UUID daemon activation socket.
[[0;32m  OK  [0m] Started Daily apt download activities.
         Starting Socket activation for snappy daemon.
[[0;32m  OK  [0m] Listening on D-Bus System Message Bus Socket.
[[0;32m  OK  [0m] Started Daily apt upgrade and clean activities.
         Starting LXD - unix socket.
[682]: |       o         |
[[   13.296351] cloud-init[682]: |      ...        |
[   13.297448] cloud-init[682]: +----[SHA256]-----+
[0;32m  OK  [0m] Started ACPI Events Check.
[[0;32m  OK  [0m] Started Daily Cleanup of Temporary Directories.
[[0;32m  OK  [0m] Reached target Timers.
[[0;32m  OK  [0m] Reached target Paths.
[[0;32m  OK  [0m] Reached target Cloud-config availability.
[[0;32m  OK  [0m] Reached target Network is Online.
         Starting Availability of block devices...
[[0;32m  OK  [0m] Reached target Remote File Systems (Pre).
[[0;32m  OK  [0m] Reached target Remote File Systems.
[[0;32m  OK  [0m] Listening on Socket activation for snappy daemon.
[[0;32m  OK  [0m] Listening on LXD - unix socket.
[[0;32m  OK  [0m] Started Availability of block devices.
[[0;32m  OK  [0m] Reached target Sockets.
[[0;32m  OK  [0m] Reached target Basic System.
[[0;32m  OK  [0m] Started D-Bus System Message Bus.
         Starting Virtualbox guest utils...
         Starting Accounts Service...
         Starting LSB: Record successful boot for GRUB...
         Starting System Logging Service...
[[0;32m  OK  [0m] Started Deferred execution scheduler.
[[0;32m  OK  [0m] Started irqbalance daemon.
         Starting Dispatcher daemon for systemd-networkd...
         Starting LXD - container startup/shutdown...
         Starting Login Service...
[[0;32m  OK  [0m] Started Regular background program processing daemon.
         Starting LSB: automatic crash report generation...
         Starting Snap Daemon...
[[0;32m  OK  [0m] Started FUSE filesystem for LXC.
         Starting Pollinate to seed the pseudo random number generator...
         Starting Permit User Sessions...
[[0;32m  OK  [0m] Started System Logging Service.
[[0;32m  OK  [0m] Started Dispatcher daemon for systemd-networkd.
[[0;32m  OK  [0m] Started LXD - container startup/shutdown.
[[0;32m  OK  [0m] Started Login Service.
[[0;32m  OK  [0m] Started Unattended Upgrades Shutdown.
         Starting Authorization Manager...
[[0;32m  OK  [0m] Started Permit User Sessions.
         Starting Terminate Plymouth Boot Screen...
         Starting Hold until boot process finishes up...
[[0;32m  OK  [0m] Started Terminate Plymouth Boot Screen.
[[0;32m  OK  [0m] Started LSB: automatic crash report generation.
[[0;32m  OK  [0m] Started LSB: Record successful boot for GRUB.
[[0;32m  OK  [0m] Started Virtualbox guest utils.
[[0;32m  OK  [0m] Started Hold until boot process finishes up.
[[0;32m  OK  [0m] Started Authorization Manager.
[[0;32m  OK  [0m] Started Accounts Service.
[[0;32m  OK  [0m] Started Serial Getty on ttyS0.
         Starting Set console scheme...
[[0;32m  OK  [0m] Started Set console scheme.
[[0;32m  OK  [0m] Created slice system-getty.slice.
[[0;32m  OK  [0m] Started Getty on tty1.
[[0;32m  OK  [0m] Reached target Login Prompts.
[[0;32m  OK  [0m] Started Snap Daemon.
         Starting Wait until snapd is fully seeded...
[[0;32m  OK  [0m] Started Pollinate to seed the pseudo random number generator.
         Starting OpenBSD Secure Shell server...
[[0;32m  OK  [0m] Started OpenBSD Secure Shell server.
[[0;32m  OK  [0m] Created slice User Slice of vagrant.
[[0;32m  OK  [0m] Started Session 1 of user vagrant.
         Starting User Manager for UID 1000...
[[0;32m  OK  [0m] Started User Manager for UID 1000.

Ubuntu 18.04.5 LTS ubuntu-bionic ttyS0

ubuntu-bionic login: [   22.332195] cloud-init[1489]: Cloud-init v. 20.4.1-0ubuntu1~18.04.1 running 'modules:config' at Mon, 25 Jan 2021 17:30:06 +0000. Up 21.80 seconds.
ci-info: no authorized SSH keys fingerprints found for user ubuntu.
<14>Jan 25 17:30:07 ec2: 
<14>Jan 25 17:30:07 ec2: #############################################################
<14>Jan 25 17:30:07 ec2: -----BEGIN SSH HOST KEY FINGERPRINTS-----
<14>Jan 25 17:30:07 ec2: 1024 SHA256:zi8KG9Cj+hPOk2Y0bsFyRUpqChlYN643mp70O6ZJQHM root@ubuntu-bionic (DSA)
<14>Jan 25 17:30:07 ec2: 256 SHA256:MqKo/B8MKRrhZRSkg1uqUFms7/vOyBPio22e1uTIlTA root@ubuntu-bionic (ECDSA)
<14>Jan 25 17:30:07 ec2: 256 SHA256:mq8RDJfyAKlOBSW3FYvpRJDRxFW42wCZDtKK43UAf68 root@ubuntu-bionic (ED25519)
<14>Jan 25 17:30:07 ec2: 2048 SHA256:JQ8+c3el4HmH53cf4AnuACFMuNrxrmUXn8OuYe0THl4 root@ubuntu-bionic (RSA)
<14>Jan 25 17:30:07 ec2: -----END SSH HOST KEY FINGERPRINTS-----
<14>Jan 25 17:30:07 ec2: #############################################################
-----BEGIN SSH HOST KEY KEYS-----
ecdsa-sha2-nistp256 AAAAE2VjZHNhLXNoYTItbmlzdHAyNTYAAAAIbmlzdHAyNTYAAABBBJok03/pE//GnedZR9XGbAtV6imEwaNYuMwZL7vrRBlr8KGcQpSBuZy+8BipQY9uD2OAXs3y6MgRk9u8XDeWM1A= root@ubuntu-bionic
ssh-ed25519 AAAAC3NzaC1lZDI1NTE5AAAAIBKUSyzl3hqZmrdLDRpXuqHPGZRzrqXn0n/iYwnnobs9 root@ubuntu-bionic
ssh-rsa AAAAB3NzaC1yc2EAAAADAQABAAABAQCldh/ao2JcSZexkkbfwb2sPhBjvDJDu/eqJchqvIG309gV8iiZ8jTsjXpLNdFxfVSA5d0aGtrNcHbMjUVXa9mYAQFCLXxdhTDNSt6zEcV7Cgr/EosVBxayP9yz3BDSEPmS+VSxCaZUjMC2Xe8Tnn1DNpOypI05QrJuOfRiSUTAVOfu8b6Wr6GrCYD3pjtrrZHH0YzvJuspyViT4zoVbLnTn75QMIOAm8S9Gg42sKItJUxqyxHfCR43KeF7ZgYYdg8cEZ6rv/uzKj3s60q9Zj9ojw/4I036pIZQCwDkk13gJf7DmVI2i7RdIO60u3UdTehOrORVPgyRqlKNPTg4+7Qt root@ubuntu-bionic
-----END SSH HOST KEY KEYS-----
[   22.962488] cloud-init[1616]: Cloud-init v. 20.4.1-0ubuntu1~18.04.1 running 'modules:final' at Mon, 25 Jan 2021 17:30:07 +0000. Up 22.77 seconds.
[   22.962774] cloud-init[1616]: ci-info: no authorized SSH keys fingerprints found for user ubuntu.
[   22.962865] cloud-init[1616]: Cloud-init v. 20.4.1-0ubuntu1~18.04.1 finished at Mon, 25 Jan 2021 17:30:07 +0000. Datasource DataSourceNoCloud [seed=/dev/sdb][dsmode=net].  Up 22.94 seconds
